<?xml version="1.0" encoding="UTF-8"?>
<!-- Generated by org.testng.reporters.JUnitReportReporter -->
<testsuite hostname="Malakagl-PC" name="malaka.cse.maven.exception.InvalidNICPropExceptionTest" tests="1" failures="0" timestamp="12 Sep 2013 04:59:08 GMT" time="0.006" errors="0">
  <testcase name="testSomeMethod" time="0.006" classname="malaka.cse.maven.exception.InvalidNICPropExceptionTest"/>
</testsuite> <!-- malaka.cse.maven.exception.InvalidNICPropExceptionTest -->
